<?xml version="1.0" encoding="UTF-8"?>
<!-- Generated by org.testng.reporters.JUnitXMLReporter -->
<testsuite hostname="nb-dmitriyy-10" tests="1" failures="1" timestamp="5 Apr 2017 20:50:41 GMT" time="71.038" errors="0">
  <testcase name="KindredGroup" time="37.081" classname="RemoteWebDriverTest">
    <failure type="org.openqa.selenium.NoSuchElementException" message="Element with by css selector &amp;apos;#icon-navigation-937700 &amp;gt; nav:nth-of-type(1) &amp;gt; ul.menu-list.product-navigation.automated.scroll-axis-x &amp;gt; li.list-item &amp;gt; a.has-icon-prefix.link-item &amp;gt; i.icon-wrapper.icon-prefix.casino &amp;gt; svg.icon &amp;gt; use:nth-of-type(1)&amp;apos; wasn&amp;apos;t found.
For documentation on this error, please visit: http://seleniumhq.org/exceptions/no_such_element.html
Build info: version: &amp;apos;2.48.2&amp;apos;, revision: &amp;apos;41bccdd10cf2c0560f637404c2d96164b67d9d67&amp;apos;, time: &amp;apos;2015-10-09 13:08:06&amp;apos;
System info: host: &amp;apos;be32ff49ce4f&amp;apos;, ip: &amp;apos;172.18.0.4&amp;apos;, os.name: &amp;apos;Linux&amp;apos;, os.arch: &amp;apos;amd64&amp;apos;, os.version: &amp;apos;4.4.0-47-generic&amp;apos;, java.version: &amp;apos;1.8.0_102&amp;apos;
Driver info: driver.version: EventFiringWebDriver
Command duration or timeout: 30.82 seconds
For documentation on this error, please visit: http://seleniumhq.org/exceptions/no_such_element.html
Build info: version: &amp;apos;2.48.2&amp;apos;, revision: &amp;apos;41bccdd10cf2c0560f637404c2d96164b67d9d67&amp;apos;, time: &amp;apos;2015-10-09 13:08:06&amp;apos;
System info: host: &amp;apos;nb-dmitriyy-10&amp;apos;, ip: &amp;apos;192.168.1.4&amp;apos;, os.name: &amp;apos;Windows 10&amp;apos;, os.arch: &amp;apos;amd64&amp;apos;, os.version: &amp;apos;10.0&amp;apos;, java.version: &amp;apos;1.8.0_91&amp;apos;
Driver info: org.openqa.selenium.remote.RemoteWebDriver
Capabilities [{reportPdfUrl=https://partners.reporting-01.perfectomobile.com/export/api/v1/test-executions/pdf?externalId[0]=dmitriyy@perfectomobile.com_RemoteWebDriver_17-04-05_20_51_17_44252, rotatable=true, testGridReportUrl=https://partners.reporting-01.perfectomobile.com?externalId[0]=dmitriyy@perfectomobile.com_RemoteWebDriver_17-04-05_20_51_17_44252, entityType=remote_web_driver, offlineToken=, deviceName=ADADB879, serverConnector=, platform=ANY, executionId=dmitriyy@perfectomobile.com_RemoteWebDriver_17-04-05_20_51_17_44252, password=, webdriver.remote.sessionid=dfd0e347-0364-4022-af4f-03df24a518ff, host=partners.perfectomobile.com, singleTestReportUrl=https://partners.perfectomobile.com/nexperience/singletest/report/?reportRepositoryKey=PRIVATE:RemoteWebDriver/170405/RemoteWebDriver_17-04-05_20_51_17_44252.xml&amp;amp;ownerId=dmitriyy@perfectomobile.com&amp;amp;sharingCode=19b47a5d-7f4a-4794-8525-76faf6aed903, locationContextEnabled=true, browserName=mobileChrome, scriptName=RemoteWebDriver, takesScreenshot=true, javascriptEnabled=true, reportKey=PRIVATE:RemoteWebDriver/170405/RemoteWebDriver_17-04-05_20_51_17_44252.xml, platformName=Android, windTunnelReportUrl=https://partners.perfectomobile.com/nexperience/singletest/report/?reportRepositoryKey=PRIVATE:RemoteWebDriver/170405/RemoteWebDriver_17-04-05_20_51_17_44252.xml&amp;amp;ownerId=dmitriyy@perfectomobile.com&amp;amp;sharingCode=19b47a5d-7f4a-4794-8525-76faf6aed903, user=, cssSelectorsEnabled=true}]
Session ID: dfd0e347-0364-4022-af4f-03df24a518ff
*** Element info: {Using=css selector, value=#icon-navigation-937700 &amp;gt; nav:nth-of-type(1) &amp;gt; ul.menu-list.product-navigation.automated.scroll-axis-x &amp;gt; li.list-item &amp;gt; a.has-icon-prefix.link-item &amp;gt; i.icon-wrapper.icon-prefix.casino &amp;gt; svg.icon &amp;gt; use:nth-of-type(1)}">
      <![CDATA[org.openqa.selenium.NoSuchElementException: Element with by css selector '#icon-navigation-937700 > nav:nth-of-type(1) > ul.menu-list.product-navigation.automated.scroll-axis-x > li.list-item > a.has-icon-prefix.link-item > i.icon-wrapper.icon-prefix.casino > svg.icon > use:nth-of-type(1)' wasn't found.
For documentation on this error, please visit: http://seleniumhq.org/exceptions/no_such_element.html
Build info: version: '2.48.2', revision: '41bccdd10cf2c0560f637404c2d96164b67d9d67', time: '2015-10-09 13:08:06'
System info: host: 'be32ff49ce4f', ip: '172.18.0.4', os.name: 'Linux', os.arch: 'amd64', os.version: '4.4.0-47-generic', java.version: '1.8.0_102'
Driver info: driver.version: EventFiringWebDriver
Command duration or timeout: 30.82 seconds
For documentation on this error, please visit: http://seleniumhq.org/exceptions/no_such_element.html
Build info: version: '2.48.2', revision: '41bccdd10cf2c0560f637404c2d96164b67d9d67', time: '2015-10-09 13:08:06'
System info: host: 'nb-dmitriyy-10', ip: '192.168.1.4', os.name: 'Windows 10', os.arch: 'amd64', os.version: '10.0', java.version: '1.8.0_91'
Driver info: org.openqa.selenium.remote.RemoteWebDriver
Capabilities [{reportPdfUrl=https://partners.reporting-01.perfectomobile.com/export/api/v1/test-executions/pdf?externalId[0]=dmitriyy@perfectomobile.com_RemoteWebDriver_17-04-05_20_51_17_44252, rotatable=true, testGridReportUrl=https://partners.reporting-01.perfectomobile.com?externalId[0]=dmitriyy@perfectomobile.com_RemoteWebDriver_17-04-05_20_51_17_44252, entityType=remote_web_driver, offlineToken=, deviceName=ADADB879, serverConnector=, platform=ANY, executionId=dmitriyy@perfectomobile.com_RemoteWebDriver_17-04-05_20_51_17_44252, password=, webdriver.remote.sessionid=dfd0e347-0364-4022-af4f-03df24a518ff, host=partners.perfectomobile.com, singleTestReportUrl=https://partners.perfectomobile.com/nexperience/singletest/report/?reportRepositoryKey=PRIVATE:RemoteWebDriver/170405/RemoteWebDriver_17-04-05_20_51_17_44252.xml&ownerId=dmitriyy@perfectomobile.com&sharingCode=19b47a5d-7f4a-4794-8525-76faf6aed903, locationContextEnabled=true, browserName=mobileChrome, scriptName=RemoteWebDriver, takesScreenshot=true, javascriptEnabled=true, reportKey=PRIVATE:RemoteWebDriver/170405/RemoteWebDriver_17-04-05_20_51_17_44252.xml, platformName=Android, windTunnelReportUrl=https://partners.perfectomobile.com/nexperience/singletest/report/?reportRepositoryKey=PRIVATE:RemoteWebDriver/170405/RemoteWebDriver_17-04-05_20_51_17_44252.xml&ownerId=dmitriyy@perfectomobile.com&sharingCode=19b47a5d-7f4a-4794-8525-76faf6aed903, user=, cssSelectorsEnabled=true}]
Session ID: dfd0e347-0364-4022-af4f-03df24a518ff
*** Element info: {Using=css selector, value=#icon-navigation-937700 > nav:nth-of-type(1) > ul.menu-list.product-navigation.automated.scroll-axis-x > li.list-item > a.has-icon-prefix.link-item > i.icon-wrapper.icon-prefix.casino > svg.icon > use:nth-of-type(1)}
	at org.openqa.selenium.remote.ErrorHandler.createThrowable(ErrorHandler.java:206)
	at org.openqa.selenium.remote.ErrorHandler.throwIfResponseFailed(ErrorHandler.java:158)
	at org.openqa.selenium.remote.RemoteWebDriver.execute(RemoteWebDriver.java:647)
	at org.openqa.selenium.remote.RemoteWebDriver.findElement(RemoteWebDriver.java:353)
	at org.openqa.selenium.remote.RemoteWebDriver.findElementByCssSelector(RemoteWebDriver.java:482)
	at RemoteWebDriverTest.chooseTab(RemoteWebDriverTest.java:111)
	at RemoteWebDriverTest.KindredGroup(RemoteWebDriverTest.java:92)
	at java.util.concurrent.FutureTask.run(Unknown Source)
	at java.util.concurrent.ThreadPoolExecutor.runWorker(Unknown Source)
	at java.util.concurrent.ThreadPoolExecutor$Worker.run(Unknown Source)
	at java.lang.Thread.run(Unknown Source)
Caused by: org.openqa.selenium.NoSuchElementException: Element with by css selector '#icon-navigation-937700 > nav:nth-of-type(1) > ul.menu-list.product-navigation.automated.scroll-axis-x > li.list-item > a.has-icon-prefix.link-item > i.icon-wrapper.icon-prefix.casino > svg.icon > use:nth-of-type(1)' wasn't found.
For documentation on this error, please visit: http://seleniumhq.org/exceptions/no_such_element.html
Build info: version: '2.48.2', revision: '41bccdd10cf2c0560f637404c2d96164b67d9d67', time: '2015-10-09 13:08:06'
System info: host: 'be32ff49ce4f', ip: '172.18.0.4', os.name: 'Linux', os.arch: 'amd64', os.version: '4.4.0-47-generic', java.version: '1.8.0_102'
Driver info: driver.version: EventFiringWebDriver
For documentation on this error, please visit: http://seleniumhq.org/exceptions/no_such_element.html
Build info: version: '2.48.2', revision: '41bccdd10cf2c0560f637404c2d96164b67d9d67', time: '2015-10-09 13:08:06'
System info: host: 'nb-dmitriyy-10', ip: '192.168.1.4', os.name: 'Windows 10', os.arch: 'amd64', os.version: '10.0', java.version: '1.8.0_91'
Driver info: driver.version: EventFiringWebDriver
	at com.perfectomobile.selenium.MobileApplication.getSingleElement(MobileApplication.java:370)
	at com.perfectomobile.selenium.dom.MobileDOMApplication.findElementByCssSelector(MobileDOMApplication.java:284)
	at org.openqa.selenium.By$ByCssSelector.findElement(By.java:430)
	at com.perfectomobile.selenium.MobileApplication.findElement(MobileApplication.java:150)
	at com.perfectomobile.selenium.server.PerfectoMobileDriver.findElement(PerfectoMobileDriver.java:731)
	at org.openqa.selenium.support.events.EventFiringWebDriver$2.invoke(EventFiringWebDriver.java:102)
	at com.sun.proxy.$Proxy261.findElement(Unknown Source)
	at org.openqa.selenium.support.events.EventFiringWebDriver.findElement(EventFiringWebDriver.java:187)
	at org.openqa.selenium.remote.server.handler.FindElement.call(FindElement.java:48)
	at org.openqa.selenium.remote.server.handler.FindElement.call(FindElement.java:33)
	at java.util.concurrent.FutureTask.run(FutureTask.java:266)
	at org.openqa.selenium.remote.server.MobileDefaultSession$1.run(MobileDefaultSession.java:188)
	at java.util.concurrent.ThreadPoolExecutor.runWorker(ThreadPoolExecutor.java:1142)
	at java.util.concurrent.ThreadPoolExecutor$Worker.run(ThreadPoolExecutor.java:617)
	at java.lang.Thread.run(Thread.java:745)
... Removed 23 stack frames]]>
    </failure>
  </testcase> <!-- KindredGroup -->
</testsuite>
