<?xml version="1.0" encoding="UTF-8"?>
<!-- Generated by org.testng.reporters.JUnitXMLReporter -->
<testsuite hostname="nb-dmitriyy-10" tests="1" failures="1" timestamp="5 Apr 2017 20:50:55 GMT" time="84.303" errors="0">
  <testcase name="KindredGroup" time="19.083" classname="RemoteWebDriverTest">
    <failure type="org.openqa.selenium.NoSuchElementException" message="Unable to find element with css selector == #icon-navigation-937700 &amp;gt; nav:nth-of-type(1) &amp;gt; ul.menu-list.product-navigation.automated.scroll-axis-x &amp;gt; li.list-item &amp;gt; a.has-icon-prefix.link-item &amp;gt; i.icon-wrapper.icon-prefix.casino &amp;gt; svg.icon &amp;gt; use:nth-of-type(1) (WARNING: The server did not provide any stacktrace information)
Command duration or timeout: 703 milliseconds
For documentation on this error, please visit: http://seleniumhq.org/exceptions/no_such_element.html
Build info: version: &amp;apos;3.0.1&amp;apos;, revision: &amp;apos;1969d75&amp;apos;, time: &amp;apos;2016-10-18 09:48:19 -0700&amp;apos;
System info: host: &amp;apos;ip-64429BF6&amp;apos;, ip: &amp;apos;100.66.155.246&amp;apos;, os.name: &amp;apos;Windows Server 2012 R2&amp;apos;, os.arch: &amp;apos;x86&amp;apos;, os.version: &amp;apos;6.3&amp;apos;, java.version: &amp;apos;1.8.0_77&amp;apos;
Driver info: org.openqa.selenium.ie.InternetExplorerDriver
Capabilities [{browserAttachTimeout=0, ie.enableFullPageScreenshot=true, enablePersistentHover=true, ie.forceCreateProcessApi=false, ie.forceShellWindowsApi=false, pageLoadStrategy=normal, ignoreZoomSetting=false, ie.fileUploadDialogTimeout=3000, version=11, platform=WINDOWS, proxy={proxyType=}, nativeEvents=true, ie.ensureCleanSession=true, elementScrollBehavior=0, ie.browserCommandLineSwitches=, requireWindowFocus=false, browserName=internet explorer, initialBrowserUrl=http://localhost:6291/, javascriptEnabled=true, ignoreProtectedModeSettings=false, enableElementCacheCleanup=true, unexpectedAlertBehaviour=dismiss}]
Session ID: 1f1fbd03-3360-4f0c-8634-974a5c0455ff
*** Element info: {Using=css selector, value=#icon-navigation-937700 &amp;gt; nav:nth-of-type(1) &amp;gt; ul.menu-list.product-navigation.automated.scroll-axis-x &amp;gt; li.list-item &amp;gt; a.has-icon-prefix.link-item &amp;gt; i.icon-wrapper.icon-prefix.casino &amp;gt; svg.icon &amp;gt; use:nth-of-type(1)}
For documentation on this error, please visit: http://seleniumhq.org/exceptions/no_such_element.html
Build info: version: &amp;apos;2.48.2&amp;apos;, revision: &amp;apos;41bccdd10cf2c0560f637404c2d96164b67d9d67&amp;apos;, time: &amp;apos;2015-10-09 13:08:06&amp;apos;
System info: host: &amp;apos;be32ff49ce4f&amp;apos;, ip: &amp;apos;172.18.0.4&amp;apos;, os.name: &amp;apos;Linux&amp;apos;, os.arch: &amp;apos;amd64&amp;apos;, os.version: &amp;apos;4.4.0-47-generic&amp;apos;, java.version: &amp;apos;1.8.0_102&amp;apos;
Driver info: driver.version: EventFiringWebDriver
Command duration or timeout: 3.14 seconds
For documentation on this error, please visit: http://seleniumhq.org/exceptions/no_such_element.html
Build info: version: &amp;apos;2.48.2&amp;apos;, revision: &amp;apos;41bccdd10cf2c0560f637404c2d96164b67d9d67&amp;apos;, time: &amp;apos;2015-10-09 13:08:06&amp;apos;
System info: host: &amp;apos;nb-dmitriyy-10&amp;apos;, ip: &amp;apos;192.168.1.4&amp;apos;, os.name: &amp;apos;Windows 10&amp;apos;, os.arch: &amp;apos;amd64&amp;apos;, os.version: &amp;apos;10.0&amp;apos;, java.version: &amp;apos;1.8.0_91&amp;apos;
Driver info: org.openqa.selenium.remote.RemoteWebDriver
Capabilities [{reportPdfUrl=https://partners.reporting-01.perfectomobile.com/export/api/v1/test-executions/pdf?externalId[0]=dmitriyy@perfectomobile.com_RemoteWebDriver_17-04-05_20_51_17_44250, resolution=1280x1024, deviceName=1_EFBFD132-4E7D-4AA9-8A8C-48E9C767887F, platform=ANY, password=, platformVersion=8.1, browserVersion=11, host=partners.perfectomobile.com, singleTestReportUrl=https://partners.perfectomobile.com/nexperience/singletest/report/?reportRepositoryKey=PRIVATE:RemoteWebDriver/170405/RemoteWebDriver_17-04-05_20_51_17_44250.xml&amp;amp;ownerId=dmitriyy@perfectomobile.com&amp;amp;sharingCode=58aded25-fac9-4962-9fe4-b0ef9615325e, browserName=Internet Explorer, takesScreenshot=true, javascriptEnabled=true, platformName=Windows, deviceType=WEB, rotatable=true, testGridReportUrl=https://partners.reporting-01.perfectomobile.com?externalId[0]=dmitriyy@perfectomobile.com_RemoteWebDriver_17-04-05_20_51_17_44250, entityType=remote_web_driver, offlineToken=, serverConnector=, executionId=dmitriyy@perfectomobile.com_RemoteWebDriver_17-04-05_20_51_17_44250, webdriver.remote.sessionid=11a06fc5-8502-4686-b356-5d04004019b4, locationContextEnabled=true, scriptName=RemoteWebDriver, location=US East, reportKey=PRIVATE:RemoteWebDriver/170405/RemoteWebDriver_17-04-05_20_51_17_44250.xml, windTunnelReportUrl=https://partners.perfectomobile.com/nexperience/singletest/report/?reportRepositoryKey=PRIVATE:RemoteWebDriver/170405/RemoteWebDriver_17-04-05_20_51_17_44250.xml&amp;amp;ownerId=dmitriyy@perfectomobile.com&amp;amp;sharingCode=58aded25-fac9-4962-9fe4-b0ef9615325e, user=, cssSelectorsEnabled=true}]
Session ID: 11a06fc5-8502-4686-b356-5d04004019b4
*** Element info: {Using=css selector, value=#icon-navigation-937700 &amp;gt; nav:nth-of-type(1) &amp;gt; ul.menu-list.product-navigation.automated.scroll-axis-x &amp;gt; li.list-item &amp;gt; a.has-icon-prefix.link-item &amp;gt; i.icon-wrapper.icon-prefix.casino &amp;gt; svg.icon &amp;gt; use:nth-of-type(1)}">
      <![CDATA[org.openqa.selenium.NoSuchElementException: Unable to find element with css selector == #icon-navigation-937700 > nav:nth-of-type(1) > ul.menu-list.product-navigation.automated.scroll-axis-x > li.list-item > a.has-icon-prefix.link-item > i.icon-wrapper.icon-prefix.casino > svg.icon > use:nth-of-type(1) (WARNING: The server did not provide any stacktrace information)
Command duration or timeout: 703 milliseconds
For documentation on this error, please visit: http://seleniumhq.org/exceptions/no_such_element.html
Build info: version: '3.0.1', revision: '1969d75', time: '2016-10-18 09:48:19 -0700'
System info: host: 'ip-64429BF6', ip: '100.66.155.246', os.name: 'Windows Server 2012 R2', os.arch: 'x86', os.version: '6.3', java.version: '1.8.0_77'
Driver info: org.openqa.selenium.ie.InternetExplorerDriver
Capabilities [{browserAttachTimeout=0, ie.enableFullPageScreenshot=true, enablePersistentHover=true, ie.forceCreateProcessApi=false, ie.forceShellWindowsApi=false, pageLoadStrategy=normal, ignoreZoomSetting=false, ie.fileUploadDialogTimeout=3000, version=11, platform=WINDOWS, proxy={proxyType=}, nativeEvents=true, ie.ensureCleanSession=true, elementScrollBehavior=0, ie.browserCommandLineSwitches=, requireWindowFocus=false, browserName=internet explorer, initialBrowserUrl=http://localhost:6291/, javascriptEnabled=true, ignoreProtectedModeSettings=false, enableElementCacheCleanup=true, unexpectedAlertBehaviour=dismiss}]
Session ID: 1f1fbd03-3360-4f0c-8634-974a5c0455ff
*** Element info: {Using=css selector, value=#icon-navigation-937700 > nav:nth-of-type(1) > ul.menu-list.product-navigation.automated.scroll-axis-x > li.list-item > a.has-icon-prefix.link-item > i.icon-wrapper.icon-prefix.casino > svg.icon > use:nth-of-type(1)}
For documentation on this error, please visit: http://seleniumhq.org/exceptions/no_such_element.html
Build info: version: '2.48.2', revision: '41bccdd10cf2c0560f637404c2d96164b67d9d67', time: '2015-10-09 13:08:06'
System info: host: 'be32ff49ce4f', ip: '172.18.0.4', os.name: 'Linux', os.arch: 'amd64', os.version: '4.4.0-47-generic', java.version: '1.8.0_102'
Driver info: driver.version: EventFiringWebDriver
Command duration or timeout: 3.14 seconds
For documentation on this error, please visit: http://seleniumhq.org/exceptions/no_such_element.html
Build info: version: '2.48.2', revision: '41bccdd10cf2c0560f637404c2d96164b67d9d67', time: '2015-10-09 13:08:06'
System info: host: 'nb-dmitriyy-10', ip: '192.168.1.4', os.name: 'Windows 10', os.arch: 'amd64', os.version: '10.0', java.version: '1.8.0_91'
Driver info: org.openqa.selenium.remote.RemoteWebDriver
Capabilities [{reportPdfUrl=https://partners.reporting-01.perfectomobile.com/export/api/v1/test-executions/pdf?externalId[0]=dmitriyy@perfectomobile.com_RemoteWebDriver_17-04-05_20_51_17_44250, resolution=1280x1024, deviceName=1_EFBFD132-4E7D-4AA9-8A8C-48E9C767887F, platform=ANY, password=, platformVersion=8.1, browserVersion=11, host=partners.perfectomobile.com, singleTestReportUrl=https://partners.perfectomobile.com/nexperience/singletest/report/?reportRepositoryKey=PRIVATE:RemoteWebDriver/170405/RemoteWebDriver_17-04-05_20_51_17_44250.xml&ownerId=dmitriyy@perfectomobile.com&sharingCode=58aded25-fac9-4962-9fe4-b0ef9615325e, browserName=Internet Explorer, takesScreenshot=true, javascriptEnabled=true, platformName=Windows, deviceType=WEB, rotatable=true, testGridReportUrl=https://partners.reporting-01.perfectomobile.com?externalId[0]=dmitriyy@perfectomobile.com_RemoteWebDriver_17-04-05_20_51_17_44250, entityType=remote_web_driver, offlineToken=, serverConnector=, executionId=dmitriyy@perfectomobile.com_RemoteWebDriver_17-04-05_20_51_17_44250, webdriver.remote.sessionid=11a06fc5-8502-4686-b356-5d04004019b4, locationContextEnabled=true, scriptName=RemoteWebDriver, location=US East, reportKey=PRIVATE:RemoteWebDriver/170405/RemoteWebDriver_17-04-05_20_51_17_44250.xml, windTunnelReportUrl=https://partners.perfectomobile.com/nexperience/singletest/report/?reportRepositoryKey=PRIVATE:RemoteWebDriver/170405/RemoteWebDriver_17-04-05_20_51_17_44250.xml&ownerId=dmitriyy@perfectomobile.com&sharingCode=58aded25-fac9-4962-9fe4-b0ef9615325e, user=, cssSelectorsEnabled=true}]
Session ID: 11a06fc5-8502-4686-b356-5d04004019b4
*** Element info: {Using=css selector, value=#icon-navigation-937700 > nav:nth-of-type(1) > ul.menu-list.product-navigation.automated.scroll-axis-x > li.list-item > a.has-icon-prefix.link-item > i.icon-wrapper.icon-prefix.casino > svg.icon > use:nth-of-type(1)}
	at org.openqa.selenium.remote.ErrorHandler.createThrowable(ErrorHandler.java:206)
	at org.openqa.selenium.remote.ErrorHandler.throwIfResponseFailed(ErrorHandler.java:158)
	at org.openqa.selenium.remote.RemoteWebDriver.execute(RemoteWebDriver.java:647)
	at org.openqa.selenium.remote.RemoteWebDriver.findElement(RemoteWebDriver.java:353)
	at org.openqa.selenium.remote.RemoteWebDriver.findElementByCssSelector(RemoteWebDriver.java:482)
	at RemoteWebDriverTest.chooseTab(RemoteWebDriverTest.java:111)
	at RemoteWebDriverTest.KindredGroup(RemoteWebDriverTest.java:92)
	at java.util.concurrent.FutureTask.run(Unknown Source)
	at java.util.concurrent.ThreadPoolExecutor.runWorker(Unknown Source)
	at java.util.concurrent.ThreadPoolExecutor$Worker.run(Unknown Source)
	at java.lang.Thread.run(Unknown Source)
Caused by: org.openqa.selenium.NoSuchElementException: Unable to find element with css selector == #icon-navigation-937700 > nav:nth-of-type(1) > ul.menu-list.product-navigation.automated.scroll-axis-x > li.list-item > a.has-icon-prefix.link-item > i.icon-wrapper.icon-prefix.casino > svg.icon > use:nth-of-type(1) (WARNING: The server did not provide any stacktrace information)
Command duration or timeout: 703 milliseconds
For documentation on this error, please visit: http://seleniumhq.org/exceptions/no_such_element.html
Build info: version: '3.0.1', revision: '1969d75', time: '2016-10-18 09:48:19 -0700'
System info: host: 'ip-64429BF6', ip: '100.66.155.246', os.name: 'Windows Server 2012 R2', os.arch: 'x86', os.version: '6.3', java.version: '1.8.0_77'
Driver info: org.openqa.selenium.ie.InternetExplorerDriver
Capabilities [{browserAttachTimeout=0, ie.enableFullPageScreenshot=true, enablePersistentHover=true, ie.forceCreateProcessApi=false, ie.forceShellWindowsApi=false, pageLoadStrategy=normal, ignoreZoomSetting=false, ie.fileUploadDialogTimeout=3000, version=11, platform=WINDOWS, proxy={proxyType=}, nativeEvents=true, ie.ensureCleanSession=true, elementScrollBehavior=0, ie.browserCommandLineSwitches=, requireWindowFocus=false, browserName=internet explorer, initialBrowserUrl=http://localhost:6291/, javascriptEnabled=true, ignoreProtectedModeSettings=false, enableElementCacheCleanup=true, unexpectedAlertBehaviour=dismiss}]
Session ID: 1f1fbd03-3360-4f0c-8634-974a5c0455ff
*** Element info: {Using=css selector, value=#icon-navigation-937700 > nav:nth-of-type(1) > ul.menu-list.product-navigation.automated.scroll-axis-x > li.list-item > a.has-icon-prefix.link-item > i.icon-wrapper.icon-prefix.casino > svg.icon > use:nth-of-type(1)}
For documentation on this error, please visit: http://seleniumhq.org/exceptions/no_such_element.html
Build info: version: '2.48.2', revision: '41bccdd10cf2c0560f637404c2d96164b67d9d67', time: '2015-10-09 13:08:06'
System info: host: 'be32ff49ce4f', ip: '172.18.0.4', os.name: 'Linux', os.arch: 'amd64', os.version: '4.4.0-47-generic', java.version: '1.8.0_102'
Driver info: driver.version: EventFiringWebDriver
For documentation on this error, please visit: http://seleniumhq.org/exceptions/no_such_element.html
Build info: version: '2.48.2', revision: '41bccdd10cf2c0560f637404c2d96164b67d9d67', time: '2015-10-09 13:08:06'
System info: host: 'nb-dmitriyy-10', ip: '192.168.1.4', os.name: 'Windows 10', os.arch: 'amd64', os.version: '10.0', java.version: '1.8.0_91'
Driver info: driver.version: EventFiringWebDriver
	at org.openqa.selenium.remote.ErrorHandler.createThrowable(ErrorHandler.java:216)
	at org.openqa.selenium.remote.ErrorHandler.throwIfResponseFailed(ErrorHandler.java:168)
	at org.openqa.selenium.remote.RemoteWebDriver.execute(RemoteWebDriver.java:635)
	at org.openqa.selenium.remote.RemoteWebDriver.findElement(RemoteWebDriver.java:368)
	at org.openqa.selenium.remote.RemoteWebDriver.findElementByCssSelector(RemoteWebDriver.java:465)
	at org.openqa.selenium.By$ByCssSelector.findElement(By.java:430)
	at org.openqa.selenium.remote.RemoteWebDriver.findElement(RemoteWebDriver.java:360)
	at org.openqa.selenium.support.events.EventFiringWebDriver$2.invoke(EventFiringWebDriver.java:103)
	at com.sun.proxy.$Proxy4.findElement(Unknown Source)
	at org.openqa.selenium.support.events.EventFiringWebDriver.findElement(EventFiringWebDriver.java:187)
	at org.openqa.selenium.remote.server.handler.FindElement.call(FindElement.java:48)
	at org.openqa.selenium.remote.server.handler.FindElement.call(FindElement.java:33)
	at java.util.concurrent.FutureTask.run(Unknown Source)
	at org.openqa.selenium.remote.server.DefaultSession$1.run(DefaultSession.java:176)
	... 3 more
... Removed 28 stack frames]]>
    </failure>
  </testcase> <!-- KindredGroup -->
</testsuite>
