<?xml version="1.0" encoding="UTF-8"?>
<!-- Generated by org.testng.reporters.JUnitXMLReporter -->
<testsuite hostname="nb-dmitriyy-10" tests="1" failures="0" timestamp="3 Mar 2017 07:19:47 GMT" time="0.053" errors="0">
  <testcase name="@BeforeTest setup" time="0.0" classname="RemoteWebDriverTest">
    <failure type="org.testng.TestNGException" message="
Parameter &amp;apos;targetEnvironment&amp;apos; is required by @Configuration on method setup but has not been marked @Optional or defined
in C:\Root\web-usaa\testngOneTest.xml">
      <![CDATA[org.testng.TestNGException: 
Parameter 'targetEnvironment' is required by @Configuration on method setup but has not been marked @Optional or defined
in C:\Root\web-usaa\testngOneTest.xml
	at java.util.concurrent.FutureTask.run(Unknown Source)
	at java.util.concurrent.ThreadPoolExecutor.runWorker(Unknown Source)
	at java.util.concurrent.ThreadPoolExecutor$Worker.run(Unknown Source)
	at java.lang.Thread.run(Unknown Source)
... Removed 11 stack frames]]>
    </failure>
  </testcase> <!-- @BeforeTest setup -->
  <testcase name="@AfterTest end" time="0.0" classname="RemoteWebDriverTest">
    <skipped/>
  </testcase> <!-- @AfterTest end -->
  <testcase name="AmdocsProducts" time="0.019" classname="RemoteWebDriverTest">
    <skipped/>
  </testcase> <!-- AmdocsProducts -->
</testsuite>
