<?xml version="1.0" encoding="UTF-8"?>
<testng-results skipped="0" failed="0" total="0" passed="0">
  <reporter-output>
  </reporter-output>
  <suite name="DB" duration-ms="392486" started-at="2017-04-17T10:25:08Z" finished-at="2017-04-17T10:31:40Z">
    <groups>
    </groups>
    <test name="DB - iPhone" duration-ms="54620" started-at="2017-04-17T10:25:08Z" finished-at="2017-04-17T10:26:02Z">
      <class name="RemoteWebDriverTest">
        <test-method status="PASS" signature="setup(java.lang.String)[pri:0, instance:RemoteWebDriverTest@523884b2]" name="setup" is-config="true" duration-ms="54611" started-at="2017-04-17T13:25:08Z" finished-at="2017-04-17T13:26:02Z">
          <params>
            <param index="0">
              <value>
                <![CDATA[iPhone]]>
              </value>
            </param>
          </params>
          <reporter-output>
          </reporter-output>
        </test-method> <!-- setup -->
      </class> <!-- RemoteWebDriverTest -->
    </test> <!-- DB - iPhone -->
    <test name="DB - Firefox 52" duration-ms="69642" started-at="2017-04-17T10:25:08Z" finished-at="2017-04-17T10:26:17Z">
      <class name="RemoteWebDriverTest">
        <test-method status="PASS" signature="setup(java.lang.String)[pri:0, instance:RemoteWebDriverTest@39c0f4a]" name="setup" is-config="true" duration-ms="69635" started-at="2017-04-17T13:25:08Z" finished-at="2017-04-17T13:26:17Z">
          <params>
            <param index="0">
              <value>
                <![CDATA[Firefox 52]]>
              </value>
            </param>
          </params>
          <reporter-output>
          </reporter-output>
        </test-method> <!-- setup -->
      </class> <!-- RemoteWebDriverTest -->
    </test> <!-- DB - Firefox 52 -->
    <test name="DB - Galaxy S6" duration-ms="155507" started-at="2017-04-17T10:25:08Z" finished-at="2017-04-17T10:27:43Z">
      <class name="RemoteWebDriverTest">
        <test-method status="PASS" signature="setup(java.lang.String)[pri:0, instance:RemoteWebDriverTest@548e7350]" name="setup" is-config="true" duration-ms="155502" started-at="2017-04-17T13:25:08Z" finished-at="2017-04-17T13:27:43Z">
          <params>
            <param index="0">
              <value>
                <![CDATA[Galaxy S6]]>
              </value>
            </param>
          </params>
          <reporter-output>
          </reporter-output>
        </test-method> <!-- setup -->
      </class> <!-- RemoteWebDriverTest -->
    </test> <!-- DB - Galaxy S6 -->
    <test name="DB - Chrome 56" duration-ms="392486" started-at="2017-04-17T10:25:08Z" finished-at="2017-04-17T10:31:40Z">
      <class name="RemoteWebDriverTest">
        <test-method status="PASS" signature="setup(java.lang.String)[pri:0, instance:RemoteWebDriverTest@6a41eaa2]" name="setup" is-config="true" duration-ms="392478" started-at="2017-04-17T13:25:08Z" finished-at="2017-04-17T13:31:40Z">
          <params>
            <param index="0">
              <value>
                <![CDATA[Chrome 56]]>
              </value>
            </param>
          </params>
          <reporter-output>
          </reporter-output>
        </test-method> <!-- setup -->
      </class> <!-- RemoteWebDriverTest -->
    </test> <!-- DB - Chrome 56 -->
  </suite> <!-- DB -->
</testng-results>
