<?xml version="1.0" encoding="UTF-8"?>
<!-- Generated by org.testng.reporters.JUnitXMLReporter -->
<testsuite hostname="nb-dmitriyy-10" tests="1" failures="1" timestamp="6 Apr 2017 12:09:55 GMT" time="99.222" errors="0">
  <testcase name="KindredGroup" time="3.66" classname="RemoteWebDriverTest">
    <failure type="org.openqa.selenium.WebDriverException" message="Build info: version: &amp;apos;2.48.2&amp;apos;, revision: &amp;apos;41bccdd10cf2c0560f637404c2d96164b67d9d67&amp;apos;, time: &amp;apos;2015-10-09 13:08:06&amp;apos;
System info: host: &amp;apos;nb-dmitriyy-10&amp;apos;, ip: &amp;apos;192.168.1.4&amp;apos;, os.name: &amp;apos;Windows 10&amp;apos;, os.arch: &amp;apos;amd64&amp;apos;, os.version: &amp;apos;10.0&amp;apos;, java.version: &amp;apos;1.8.0_91&amp;apos;
Driver info: org.openqa.selenium.remote.RemoteWebDriver
Capabilities [{reportPdfUrl=https://partners.reporting-01.perfectomobile.com/export/api/v1/test-executions/pdf?externalId[0]=dmitriyy@perfectomobile.com_RemoteWebDriver_17-04-06_12_10_05_45820, resolution=1366x768, deviceName=1_EC8ADDFD-B72A-47CE-AA03-E6B6AEDF5FB0, platform=ANY, password=, platformVersion=8.1, browserVersion=43, host=partners.perfectomobile.com, singleTestReportUrl=https://partners.perfectomobile.com/nexperience/singletest/report/?reportRepositoryKey=PRIVATE:RemoteWebDriver/170406/RemoteWebDriver_17-04-06_12_10_05_45820.xml&amp;amp;ownerId=dmitriyy@perfectomobile.com&amp;amp;sharingCode=d2539029-5e5b-4932-b243-5173117f253b, browserName=Firefox, takesScreenshot=true, javascriptEnabled=true, platformName=Windows, deviceType=WEB, rotatable=true, testGridReportUrl=https://partners.reporting-01.perfectomobile.com?externalId[0]=dmitriyy@perfectomobile.com_RemoteWebDriver_17-04-06_12_10_05_45820, entityType=remote_web_driver, offlineToken=, serverConnector=, executionId=dmitriyy@perfectomobile.com_RemoteWebDriver_17-04-06_12_10_05_45820, webdriver.remote.sessionid=4e0386a4-f4cf-497e-8e18-e3b6faf87c0d, locationContextEnabled=true, scriptName=RemoteWebDriver, location=US East, reportKey=PRIVATE:RemoteWebDriver/170406/RemoteWebDriver_17-04-06_12_10_05_45820.xml, windTunnelReportUrl=https://partners.perfectomobile.com/nexperience/singletest/report/?reportRepositoryKey=PRIVATE:RemoteWebDriver/170406/RemoteWebDriver_17-04-06_12_10_05_45820.xml&amp;amp;ownerId=dmitriyy@perfectomobile.com&amp;amp;sharingCode=d2539029-5e5b-4932-b243-5173117f253b, user=, cssSelectorsEnabled=true}]
Session ID: 4e0386a4-f4cf-497e-8e18-e3b6faf87c0d">
      <![CDATA[org.openqa.selenium.WebDriverException: Build info: version: '2.48.2', revision: '41bccdd10cf2c0560f637404c2d96164b67d9d67', time: '2015-10-09 13:08:06'
System info: host: 'nb-dmitriyy-10', ip: '192.168.1.4', os.name: 'Windows 10', os.arch: 'amd64', os.version: '10.0', java.version: '1.8.0_91'
Driver info: org.openqa.selenium.remote.RemoteWebDriver
Capabilities [{reportPdfUrl=https://partners.reporting-01.perfectomobile.com/export/api/v1/test-executions/pdf?externalId[0]=dmitriyy@perfectomobile.com_RemoteWebDriver_17-04-06_12_10_05_45820, resolution=1366x768, deviceName=1_EC8ADDFD-B72A-47CE-AA03-E6B6AEDF5FB0, platform=ANY, password=, platformVersion=8.1, browserVersion=43, host=partners.perfectomobile.com, singleTestReportUrl=https://partners.perfectomobile.com/nexperience/singletest/report/?reportRepositoryKey=PRIVATE:RemoteWebDriver/170406/RemoteWebDriver_17-04-06_12_10_05_45820.xml&ownerId=dmitriyy@perfectomobile.com&sharingCode=d2539029-5e5b-4932-b243-5173117f253b, browserName=Firefox, takesScreenshot=true, javascriptEnabled=true, platformName=Windows, deviceType=WEB, rotatable=true, testGridReportUrl=https://partners.reporting-01.perfectomobile.com?externalId[0]=dmitriyy@perfectomobile.com_RemoteWebDriver_17-04-06_12_10_05_45820, entityType=remote_web_driver, offlineToken=, serverConnector=, executionId=dmitriyy@perfectomobile.com_RemoteWebDriver_17-04-06_12_10_05_45820, webdriver.remote.sessionid=4e0386a4-f4cf-497e-8e18-e3b6faf87c0d, locationContextEnabled=true, scriptName=RemoteWebDriver, location=US East, reportKey=PRIVATE:RemoteWebDriver/170406/RemoteWebDriver_17-04-06_12_10_05_45820.xml, windTunnelReportUrl=https://partners.perfectomobile.com/nexperience/singletest/report/?reportRepositoryKey=PRIVATE:RemoteWebDriver/170406/RemoteWebDriver_17-04-06_12_10_05_45820.xml&ownerId=dmitriyy@perfectomobile.com&sharingCode=d2539029-5e5b-4932-b243-5173117f253b, user=, cssSelectorsEnabled=true}]
Session ID: 4e0386a4-f4cf-497e-8e18-e3b6faf87c0d
	at org.openqa.selenium.remote.ErrorHandler.createThrowable(ErrorHandler.java:206)
	at org.openqa.selenium.remote.ErrorHandler.throwIfResponseFailed(ErrorHandler.java:158)
	at org.openqa.selenium.remote.RemoteWebDriver.execute(RemoteWebDriver.java:647)
	at org.openqa.selenium.remote.RemoteWebDriver.get(RemoteWebDriver.java:311)
	at RemoteWebDriverTest.openHomepage(RemoteWebDriverTest.java:100)
	at RemoteWebDriverTest.KindredGroup(RemoteWebDriverTest.java:91)
	at java.util.concurrent.FutureTask.run(Unknown Source)
	at java.util.concurrent.ThreadPoolExecutor.runWorker(Unknown Source)
	at java.util.concurrent.ThreadPoolExecutor$Worker.run(Unknown Source)
	at java.lang.Thread.run(Unknown Source)
Caused by: java.lang.NullPointerException
... Removed 20 stack frames]]>
    </failure>
  </testcase> <!-- KindredGroup -->
</testsuite>
